<?xml version="1.0" encoding="UTF-8"?>
<testsuite name="com.deliverytest.service.UserServiceTest" tests="2" skipped="0" failures="0" errors="0" timestamp="2021-06-30T12:17:24" hostname="8d95e598ae83" time="0.157">
  <properties/>
  <testcase name="verifyFindAll()" classname="com.deliverytest.service.UserServiceTest" time="0.153"/>
  <testcase name="verifyFindById()" classname="com.deliverytest.service.UserServiceTest" time="0.003"/>
  <system-out><![CDATA[]]></system-out>
  <system-err><![CDATA[]]></system-err>
</testsuite>
