<?xml version="1.0" encoding="UTF-8"?>
<testsuite name="com.deliverytest.controller.UserControllerTest" tests="2" skipped="0" failures="0" errors="0" timestamp="2021-06-30T12:17:17" hostname="8d95e598ae83" time="2.254">
  <properties/>
  <testcase name="addUser()" classname="com.deliverytest.controller.UserControllerTest" time="2.212"/>
  <testcase name="getAllUsers()" classname="com.deliverytest.controller.UserControllerTest" time="0.038"/>
  <system-out><![CDATA[17:47:18.774 [Test worker] DEBUG _org.springframework.web.servlet.HandlerMapping.Mappings - 
	c.d.c.UserController:
	{POST [/users]}: addUser(User)
	{GET [/users]}: getUsers()
17:47:18.793 [Test worker] DEBUG org.springframework.web.servlet.mvc.method.annotation.RequestMappingHandlerMapping - 2 mappings in org.springframework.web.servlet.mvc.method.annotation.RequestMappingHandlerMapping
17:47:19.256 [Test worker] DEBUG org.springframework.web.servlet.mvc.method.annotation.RequestMappingHandlerAdapter - ControllerAdvice beans: 0 @ModelAttribute, 0 @InitBinder, 1 RequestBodyAdvice, 1 ResponseBodyAdvice
17:47:19.319 [Test worker] DEBUG org.springframework.web.servlet.mvc.method.annotation.ExceptionHandlerExceptionResolver - ControllerAdvice beans: 0 @ExceptionHandler, 1 ResponseBodyAdvice
17:47:19.350 [Test worker] INFO org.springframework.mock.web.MockServletContext - Initializing Spring TestDispatcherServlet ''
17:47:19.351 [Test worker] INFO org.springframework.test.web.servlet.TestDispatcherServlet - Initializing Servlet ''
17:47:19.358 [Test worker] DEBUG org.springframework.test.web.servlet.TestDispatcherServlet - Detected AcceptHeaderLocaleResolver
17:47:19.359 [Test worker] DEBUG org.springframework.test.web.servlet.TestDispatcherServlet - Detected FixedThemeResolver
17:47:19.360 [Test worker] DEBUG org.springframework.test.web.servlet.TestDispatcherServlet - Detected org.springframework.web.servlet.view.DefaultRequestToViewNameTranslator@7083ce0
17:47:19.360 [Test worker] DEBUG org.springframework.test.web.servlet.TestDispatcherServlet - Detected org.springframework.web.servlet.support.SessionFlashMapManager@be147ae
17:47:19.362 [Test worker] DEBUG org.springframework.test.web.servlet.TestDispatcherServlet - enableLoggingRequestDetails='false': request parameters and headers will be masked to prevent unsafe logging of potentially sensitive data
17:47:19.362 [Test worker] INFO org.springframework.test.web.servlet.TestDispatcherServlet - Completed initialization in 8 ms
17:47:19.519 [Test worker] DEBUG org.springframework.test.web.servlet.TestDispatcherServlet - POST "/users", parameters={}
17:47:19.534 [Test worker] DEBUG org.springframework.web.servlet.mvc.method.annotation.RequestMappingHandlerMapping - Mapped to com.deliverytest.controller.UserController#addUser(User)
17:47:19.629 [Test worker] DEBUG org.springframework.web.servlet.mvc.method.annotation.RequestResponseBodyMethodProcessor - Read "application/json" to [com.deliverytest.models.User@70009ff]
17:47:19.673 [Test worker] DEBUG org.springframework.web.servlet.mvc.method.annotation.RequestResponseBodyMethodProcessor - Using 'application/json', given [*/*] and supported [application/json, application/*+json]
17:47:19.676 [Test worker] DEBUG org.springframework.web.servlet.mvc.method.annotation.RequestResponseBodyMethodProcessor - Writing [com.deliverytest.models.User@4f99aa78]
17:47:19.694 [Test worker] DEBUG org.springframework.test.web.servlet.TestDispatcherServlet - Completed 200 OK
17:47:19.730 [Test worker] DEBUG _org.springframework.web.servlet.HandlerMapping.Mappings - 
	c.d.c.UserController:
	{POST [/users]}: addUser(User)
	{GET [/users]}: getUsers()
17:47:19.731 [Test worker] DEBUG org.springframework.web.servlet.mvc.method.annotation.RequestMappingHandlerMapping - 2 mappings in org.springframework.web.servlet.mvc.method.annotation.RequestMappingHandlerMapping
17:47:19.736 [Test worker] DEBUG org.springframework.web.servlet.mvc.method.annotation.RequestMappingHandlerAdapter - ControllerAdvice beans: 0 @ModelAttribute, 0 @InitBinder, 1 RequestBodyAdvice, 1 ResponseBodyAdvice
17:47:19.739 [Test worker] DEBUG org.springframework.web.servlet.mvc.method.annotation.ExceptionHandlerExceptionResolver - ControllerAdvice beans: 0 @ExceptionHandler, 1 ResponseBodyAdvice
17:47:19.741 [Test worker] INFO org.springframework.mock.web.MockServletContext - Initializing Spring TestDispatcherServlet ''
17:47:19.741 [Test worker] INFO org.springframework.test.web.servlet.TestDispatcherServlet - Initializing Servlet ''
17:47:19.741 [Test worker] DEBUG org.springframework.test.web.servlet.TestDispatcherServlet - Detected AcceptHeaderLocaleResolver
17:47:19.742 [Test worker] DEBUG org.springframework.test.web.servlet.TestDispatcherServlet - Detected FixedThemeResolver
17:47:19.742 [Test worker] DEBUG org.springframework.test.web.servlet.TestDispatcherServlet - Detected org.springframework.web.servlet.view.DefaultRequestToViewNameTranslator@65246a90
17:47:19.742 [Test worker] DEBUG org.springframework.test.web.servlet.TestDispatcherServlet - Detected org.springframework.web.servlet.support.SessionFlashMapManager@22f5a39
17:47:19.743 [Test worker] DEBUG org.springframework.test.web.servlet.TestDispatcherServlet - enableLoggingRequestDetails='false': request parameters and headers will be masked to prevent unsafe logging of potentially sensitive data
17:47:19.743 [Test worker] INFO org.springframework.test.web.servlet.TestDispatcherServlet - Completed initialization in 2 ms
17:47:19.745 [Test worker] DEBUG org.springframework.test.web.servlet.TestDispatcherServlet - GET "/users", parameters={}
17:47:19.745 [Test worker] DEBUG org.springframework.web.servlet.mvc.method.annotation.RequestMappingHandlerMapping - Mapped to com.deliverytest.controller.UserController#getUsers()
17:47:19.751 [Test worker] DEBUG org.springframework.web.servlet.mvc.method.annotation.RequestResponseBodyMethodProcessor - Using 'application/json', given [*/*] and supported [application/json, application/*+json]
17:47:19.752 [Test worker] DEBUG org.springframework.web.servlet.mvc.method.annotation.RequestResponseBodyMethodProcessor - Writing [[com.deliverytest.models.User@13a1ed9d, com.deliverytest.models.User@7d95f403, com.deliverytest.mode (truncated)...]
17:47:19.757 [Test worker] DEBUG org.springframework.test.web.servlet.TestDispatcherServlet - Completed 200 OK
]]></system-out>
  <system-err><![CDATA[]]></system-err>
</testsuite>
